# JRE version: OpenJDK Runtime Environment (17.0.10) (build 17.0.10+0--11609105)
# Java VM: OpenJDK 64-Bit Server VM (17.0.10+0--11609105, mixed mode, tiered, compressed oops, compressed class ptrs, g1 gc, windows-amd64)
GC Precious Log:
 CPUs: 12 total, 12 available
 Memory: 16163M
 Large Page Support: Disabled
 NUMA Support: Disabled
 Compressed Oops: Enabled (32-bit)
 Heap Region Size: 1M
 Heap Min Capacity: 8M
 Heap Initial Capacity: 254M
 Heap Max Capacity: 2G
 Pre-touch: Disabled
 Parallel Workers: 10
 Concurrent Workers: 3
 Concurrent Refinement Workers: 10
 Periodic GC: Disabled
Heap:
 garbage-first heap   total 536576K, used 228474K [0x0000000080000000, 0x0000000100000000)
  region size 1024K, 92 young (94208K), 24 survivors (24576K)
 Metaspace       used 156160K, committed 157824K, reserved 1245184K
  class space    used 21972K, committed 22784K, reserved 1048576K
GC Heap History (20 events):
Event: 290.612 GC heap before
{Heap before GC invocations=43 (full 0):
 garbage-first heap   total 268288K, used 161904K [0x0000000080000000, 0x0000000100000000)
  region size 1024K, 13 young (13312K), 7 survivors (7168K)
 Metaspace       used 132452K, committed 133376K, reserved 1179648K
  class space    used 18108K, committed 18560K, reserved 1048576K
}
Event: 290.621 GC heap after
{Heap after GC invocations=44 (full 0):
 garbage-first heap   total 268288K, used 138318K [0x0000000080000000, 0x0000000100000000)
  region size 1024K, 1 young (1024K), 1 survivors (1024K)
 Metaspace       used 132452K, committed 133376K, reserved 1179648K
  class space    used 18108K, committed 18560K, reserved 1048576K
}
Event: 290.664 GC heap before
{Heap before GC invocations=44 (full 0):
 garbage-first heap   total 268288K, used 150606K [0x0000000080000000, 0x0000000100000000)
  region size 1024K, 13 young (13312K), 1 survivors (1024K)
 Metaspace       used 134056K, committed 134976K, reserved 1179648K
  class space    used 18611K, committed 19072K, reserved 1048576K
}
Event: 290.670 GC heap after
{Heap after GC invocations=45 (full 0):
 garbage-first heap   total 268288K, used 136192K [0x0000000080000000, 0x0000000100000000)
  region size 1024K, 1 young (1024K), 1 survivors (1024K)
 Metaspace       used 134056K, committed 134976K, reserved 1179648K
  class space    used 18611K, committed 19072K, reserved 1048576K
}
Event: 290.973 GC heap before
{Heap before GC invocations=45 (full 0):
 garbage-first heap   total 268288K, used 215040K [0x0000000080000000, 0x0000000100000000)
  region size 1024K, 79 young (80896K), 1 survivors (1024K)
 Metaspace       used 140814K, committed 141888K, reserved 1179648K
  class space    used 19954K, committed 20480K, reserved 1048576K
}
Event: 290.977 GC heap after
{Heap after GC invocations=46 (full 0):
 garbage-first heap   total 268288K, used 140186K [0x0000000080000000, 0x0000000100000000)
  region size 1024K, 5 young (5120K), 5 survivors (5120K)
 Metaspace       used 140814K, committed 141888K, reserved 1179648K
  class space    used 19954K, committed 20480K, reserved 1048576K
}
Event: 291.319 GC heap before
{Heap before GC invocations=47 (full 0):
 garbage-first heap   total 268288K, used 216986K [0x0000000080000000, 0x0000000100000000)
  region size 1024K, 82 young (83968K), 5 survivors (5120K)
 Metaspace       used 142210K, committed 143168K, reserved 1179648K
  class space    used 20346K, committed 20800K, reserved 1048576K
}
Event: 291.323 GC heap after
{Heap after GC invocations=48 (full 0):
 garbage-first heap   total 268288K, used 138626K [0x0000000080000000, 0x0000000100000000)
  region size 1024K, 6 young (6144K), 6 survivors (6144K)
 Metaspace       used 142210K, committed 143168K, reserved 1179648K
  class space    used 20346K, committed 20800K, reserved 1048576K
}
Event: 291.358 GC heap before
{Heap before GC invocations=48 (full 0):
 garbage-first heap   total 268288K, used 144770K [0x0000000080000000, 0x0000000100000000)
  region size 1024K, 13 young (13312K), 6 survivors (6144K)
 Metaspace       used 142601K, committed 143488K, reserved 1179648K
  class space    used 20424K, committed 20864K, reserved 1048576K
}
Event: 291.363 GC heap after
{Heap after GC invocations=49 (full 0):
 garbage-first heap   total 268288K, used 125240K [0x0000000080000000, 0x0000000100000000)
  region size 1024K, 2 young (2048K), 2 survivors (2048K)
 Metaspace       used 142601K, committed 143488K, reserved 1179648K
  class space    used 20424K, committed 20864K, reserved 1048576K
}
Event: 1494.855 GC heap before
{Heap before GC invocations=49 (full 0):
 garbage-first heap   total 268288K, used 241976K [0x0000000080000000, 0x0000000100000000)
  region size 1024K, 93 young (95232K), 2 survivors (2048K)
 Metaspace       used 145287K, committed 146304K, reserved 1179648K
  class space    used 20868K, committed 21376K, reserved 1048576K
}
Event: 1494.860 GC heap after
{Heap after GC invocations=50 (full 0):
 garbage-first heap   total 536576K, used 126824K [0x0000000080000000, 0x0000000100000000)
  region size 1024K, 4 young (4096K), 4 survivors (4096K)
 Metaspace       used 145287K, committed 146304K, reserved 1179648K
  class space    used 20868K, committed 21376K, reserved 1048576K
}
Event: 1618.037 GC heap before
{Heap before GC invocations=50 (full 0):
 garbage-first heap   total 536576K, used 447336K [0x0000000080000000, 0x0000000100000000)
  region size 1024K, 297 young (304128K), 4 survivors (4096K)
 Metaspace       used 147931K, committed 149056K, reserved 1179648K
  class space    used 21115K, committed 21696K, reserved 1048576K
}
Event: 1618.058 GC heap after
{Heap after GC invocations=51 (full 0):
 garbage-first heap   total 536576K, used 154359K [0x0000000080000000, 0x0000000100000000)
  region size 1024K, 29 young (29696K), 29 survivors (29696K)
 Metaspace       used 147931K, committed 149056K, reserved 1179648K
  class space    used 21115K, committed 21696K, reserved 1048576K
}
Event: 1932.627 GC heap before
{Heap before GC invocations=51 (full 0):
 garbage-first heap   total 536576K, used 412407K [0x0000000080000000, 0x0000000100000000)
  region size 1024K, 280 young (286720K), 29 survivors (29696K)
 Metaspace       used 150507K, committed 151680K, reserved 1179648K
  class space    used 21363K, committed 21952K, reserved 1048576K
}
Event: 1932.633 GC heap after
{Heap after GC invocations=52 (full 0):
 garbage-first heap   total 536576K, used 138867K [0x0000000080000000, 0x0000000100000000)
  region size 1024K, 5 young (5120K), 5 survivors (5120K)
 Metaspace       used 150507K, committed 151680K, reserved 1179648K
  class space    used 21363K, committed 21952K, reserved 1048576K
}
Event: 2300.960 GC heap before
{Heap before GC invocations=52 (full 0):
 garbage-first heap   total 536576K, used 422515K [0x0000000080000000, 0x0000000100000000)
  region size 1024K, 283 young (289792K), 5 survivors (5120K)
 Metaspace       used 151513K, committed 152832K, reserved 1245184K
  class space    used 21427K, committed 22080K, reserved 1048576K
}
Event: 2300.964 GC heap after
{Heap after GC invocations=53 (full 0):
 garbage-first heap   total 536576K, used 136116K [0x0000000080000000, 0x0000000100000000)
  region size 1024K, 5 young (5120K), 5 survivors (5120K)
 Metaspace       used 151513K, committed 152832K, reserved 1245184K
  class space    used 21427K, committed 22080K, reserved 1048576K
}
Event: 2777.201 GC heap before
{Heap before GC invocations=53 (full 0):
 garbage-first heap   total 536576K, used 441268K [0x0000000080000000, 0x0000000100000000)
  region size 1024K, 300 young (307200K), 5 survivors (5120K)
 Metaspace       used 154381K, committed 155968K, reserved 1245184K
  class space    used 21777K, committed 22528K, reserved 1048576K
}
Event: 2777.215 GC heap after
{Heap after GC invocations=54 (full 0):
 garbage-first heap   total 536576K, used 159866K [0x0000000080000000, 0x0000000100000000)
  region size 1024K, 24 young (24576K), 24 survivors (24576K)
 Metaspace       used 154381K, committed 155968K, reserved 1245184K
  class space    used 21777K, committed 22528K, reserved 1048576K
}

