# JRE version: OpenJDK Runtime Environment (17.0.10) (build 17.0.10+0--11609105)
# Java VM: OpenJDK 64-Bit Server VM (17.0.10+0--11609105, mixed mode, tiered, compressed oops, compressed class ptrs, g1 gc, windows-amd64)
GC Precious Log:
 CPUs: 12 total, 12 available
 Memory: 16163M
 Large Page Support: Disabled
 NUMA Support: Disabled
 Compressed Oops: Enabled (32-bit)
 Heap Region Size: 1M
 Heap Min Capacity: 8M
 Heap Initial Capacity: 254M
 Heap Max Capacity: 2G
 Pre-touch: Disabled
 Parallel Workers: 10
 Concurrent Workers: 3
 Concurrent Refinement Workers: 10
 Periodic GC: Disabled
Heap:
 garbage-first heap   total 478208K, used 134390K [0x0000000080000000, 0x0000000100000000)
  region size 1024K, 5 young (5120K), 2 survivors (2048K)
 Metaspace       used 125797K, committed 126784K, reserved 1179648K
  class space    used 18601K, committed 19072K, reserved 1048576K
GC Heap History (20 events):
Event: 6.381 GC heap before
{Heap before GC invocations=22 (full 0):
 garbage-first heap   total 271360K, used 219225K [0x0000000080000000, 0x0000000100000000)
  region size 1024K, 151 young (154624K), 3 survivors (3072K)
 Metaspace       used 91214K, committed 91904K, reserved 1179648K
  class space    used 12797K, committed 13120K, reserved 1048576K
}
Event: 6.388 GC heap after
{Heap after GC invocations=23 (full 0):
 garbage-first heap   total 271360K, used 76379K [0x0000000080000000, 0x0000000100000000)
  region size 1024K, 11 young (11264K), 11 survivors (11264K)
 Metaspace       used 91214K, committed 91904K, reserved 1179648K
  class space    used 12797K, committed 13120K, reserved 1048576K
}
Event: 6.847 GC heap before
{Heap before GC invocations=23 (full 0):
 garbage-first heap   total 271360K, used 211547K [0x0000000080000000, 0x0000000100000000)
  region size 1024K, 144 young (147456K), 11 survivors (11264K)
 Metaspace       used 92508K, committed 93248K, reserved 1179648K
  class space    used 12949K, committed 13312K, reserved 1048576K
}
Event: 6.856 GC heap after
{Heap after GC invocations=24 (full 0):
 garbage-first heap   total 271360K, used 85434K [0x0000000080000000, 0x0000000100000000)
  region size 1024K, 18 young (18432K), 18 survivors (18432K)
 Metaspace       used 92508K, committed 93248K, reserved 1179648K
  class space    used 12949K, committed 13312K, reserved 1048576K
}
Event: 7.274 GC heap before
{Heap before GC invocations=24 (full 0):
 garbage-first heap   total 271360K, used 223674K [0x0000000080000000, 0x0000000100000000)
  region size 1024K, 145 young (148480K), 18 survivors (18432K)
 Metaspace       used 96561K, committed 97280K, reserved 1179648K
  class space    used 13431K, committed 13760K, reserved 1048576K
}
Event: 7.288 GC heap after
{Heap after GC invocations=25 (full 0):
 garbage-first heap   total 271360K, used 95505K [0x0000000080000000, 0x0000000100000000)
  region size 1024K, 19 young (19456K), 19 survivors (19456K)
 Metaspace       used 96561K, committed 97280K, reserved 1179648K
  class space    used 13431K, committed 13760K, reserved 1048576K
}
Event: 7.488 GC heap before
{Heap before GC invocations=25 (full 0):
 garbage-first heap   total 271360K, used 169233K [0x0000000080000000, 0x0000000100000000)
  region size 1024K, 93 young (95232K), 19 survivors (19456K)
 Metaspace       used 100381K, committed 101120K, reserved 1179648K
  class space    used 14078K, committed 14464K, reserved 1048576K
}
Event: 7.497 GC heap after
{Heap after GC invocations=26 (full 0):
 garbage-first heap   total 271360K, used 102171K [0x0000000080000000, 0x0000000100000000)
  region size 1024K, 7 young (7168K), 7 survivors (7168K)
 Metaspace       used 100381K, committed 101120K, reserved 1179648K
  class space    used 14078K, committed 14464K, reserved 1048576K
}
Event: 7.898 GC heap before
{Heap before GC invocations=27 (full 0):
 garbage-first heap   total 271360K, used 217883K [0x0000000080000000, 0x0000000100000000)
  region size 1024K, 119 young (121856K), 7 survivors (7168K)
 Metaspace       used 110509K, committed 111360K, reserved 1179648K
  class space    used 16177K, committed 16576K, reserved 1048576K
}
Event: 7.907 GC heap after
{Heap after GC invocations=28 (full 0):
 garbage-first heap   total 271360K, used 112938K [0x0000000080000000, 0x0000000100000000)
  region size 1024K, 15 young (15360K), 15 survivors (15360K)
 Metaspace       used 110509K, committed 111360K, reserved 1179648K
  class space    used 16177K, committed 16576K, reserved 1048576K
}
Event: 7.914 GC heap before
{Heap before GC invocations=28 (full 0):
 garbage-first heap   total 271360K, used 113962K [0x0000000080000000, 0x0000000100000000)
  region size 1024K, 16 young (16384K), 15 survivors (15360K)
 Metaspace       used 110666K, committed 111488K, reserved 1179648K
  class space    used 16196K, committed 16576K, reserved 1048576K
}
Event: 7.920 GC heap after
{Heap after GC invocations=29 (full 0):
 garbage-first heap   total 271360K, used 113304K [0x0000000080000000, 0x0000000100000000)
  region size 1024K, 2 young (2048K), 2 survivors (2048K)
 Metaspace       used 110666K, committed 111488K, reserved 1179648K
  class space    used 16196K, committed 16576K, reserved 1048576K
}
Event: 8.197 GC heap before
{Heap before GC invocations=29 (full 0):
 garbage-first heap   total 271360K, used 213656K [0x0000000080000000, 0x0000000100000000)
  region size 1024K, 101 young (103424K), 2 survivors (2048K)
 Metaspace       used 117070K, committed 117952K, reserved 1179648K
  class space    used 17494K, committed 17920K, reserved 1048576K
}
Event: 8.203 GC heap after
{Heap after GC invocations=30 (full 0):
 garbage-first heap   total 542720K, used 116908K [0x0000000080000000, 0x0000000100000000)
  region size 1024K, 6 young (6144K), 6 survivors (6144K)
 Metaspace       used 117070K, committed 117952K, reserved 1179648K
  class space    used 17494K, committed 17920K, reserved 1048576K
}
Event: 291.152 GC heap before
{Heap before GC invocations=31 (full 0):
 garbage-first heap   total 478208K, used 446636K [0x0000000080000000, 0x0000000100000000)
  region size 1024K, 280 young (286720K), 6 survivors (6144K)
 Metaspace       used 124815K, committed 125696K, reserved 1179648K
  class space    used 18494K, committed 18880K, reserved 1048576K
}
Event: 291.163 GC heap after
{Heap after GC invocations=32 (full 0):
 garbage-first heap   total 478208K, used 127219K [0x0000000080000000, 0x0000000100000000)
  region size 1024K, 16 young (16384K), 16 survivors (16384K)
 Metaspace       used 124815K, committed 125696K, reserved 1179648K
  class space    used 18494K, committed 18880K, reserved 1048576K
}
Event: 291.240 GC heap before
{Heap before GC invocations=32 (full 0):
 garbage-first heap   total 478208K, used 134387K [0x0000000080000000, 0x0000000100000000)
  region size 1024K, 23 young (23552K), 16 survivors (16384K)
 Metaspace       used 124872K, committed 125696K, reserved 1179648K
  class space    used 18497K, committed 18880K, reserved 1048576K
}
Event: 291.247 GC heap after
{Heap after GC invocations=33 (full 0):
 garbage-first heap   total 478208K, used 124759K [0x0000000080000000, 0x0000000100000000)
  region size 1024K, 3 young (3072K), 3 survivors (3072K)
 Metaspace       used 124872K, committed 125696K, reserved 1179648K
  class space    used 18497K, committed 18880K, reserved 1048576K
}
Event: 489.811 GC heap before
{Heap before GC invocations=33 (full 0):
 garbage-first heap   total 478208K, used 227159K [0x0000000080000000, 0x0000000100000000)
  region size 1024K, 104 young (106496K), 3 survivors (3072K)
 Metaspace       used 125667K, committed 126592K, reserved 1179648K
  class space    used 18578K, committed 19008K, reserved 1048576K
}
Event: 489.813 GC heap after
{Heap after GC invocations=34 (full 0):
 garbage-first heap   total 478208K, used 124150K [0x0000000080000000, 0x0000000100000000)
  region size 1024K, 2 young (2048K), 2 survivors (2048K)
 Metaspace       used 125667K, committed 126592K, reserved 1179648K
  class space    used 18578K, committed 19008K, reserved 1048576K
}

