# JRE version: OpenJDK Runtime Environment (17.0.10) (build 17.0.10+0--11609105)
# Java VM: OpenJDK 64-Bit Server VM (17.0.10+0--11609105, mixed mode, tiered, compressed oops, compressed class ptrs, g1 gc, windows-amd64)
GC Precious Log:
 CPUs: 12 total, 12 available
 Memory: 16163M
 Large Page Support: Disabled
 NUMA Support: Disabled
 Compressed Oops: Enabled (32-bit)
 Heap Region Size: 1M
 Heap Min Capacity: 8M
 Heap Initial Capacity: 254M
 Heap Max Capacity: 2G
 Pre-touch: Disabled
 Parallel Workers: 10
 Concurrent Workers: 3
 Concurrent Refinement Workers: 10
 Periodic GC: Disabled
Heap:
 garbage-first heap   total 416768K, used 135605K [0x0000000080000000, 0x0000000100000000)
  region size 1024K, 2 young (2048K), 2 survivors (2048K)
 Metaspace       used 141352K, committed 142656K, reserved 1179648K
  class space    used 19061K, committed 19712K, reserved 1048576K
GC Heap History (20 events):
Event: 2449.371 GC heap after
{Heap after GC invocations=66 (full 0):
 garbage-first heap   total 416768K, used 140285K [0x0000000080000000, 0x0000000100000000)
  region size 1024K, 1 young (1024K), 1 survivors (1024K)
 Metaspace       used 136692K, committed 137792K, reserved 1179648K
  class space    used 18623K, committed 19136K, reserved 1048576K
}
Event: 2780.234 GC heap before
{Heap before GC invocations=66 (full 0):
 garbage-first heap   total 416768K, used 322557K [0x0000000080000000, 0x0000000100000000)
  region size 1024K, 179 young (183296K), 1 survivors (1024K)
 Metaspace       used 137827K, committed 138880K, reserved 1179648K
  class space    used 18736K, committed 19264K, reserved 1048576K
}
Event: 2780.242 GC heap after
{Heap after GC invocations=67 (full 0):
 garbage-first heap   total 416768K, used 145941K [0x0000000080000000, 0x0000000100000000)
  region size 1024K, 7 young (7168K), 7 survivors (7168K)
 Metaspace       used 137827K, committed 138880K, reserved 1179648K
  class space    used 18736K, committed 19264K, reserved 1048576K
}
Event: 2781.886 GC heap before
{Heap before GC invocations=68 (full 0):
 garbage-first heap   total 416768K, used 329237K [0x0000000080000000, 0x0000000100000000)
  region size 1024K, 185 young (189440K), 7 survivors (7168K)
 Metaspace       used 140064K, committed 141248K, reserved 1179648K
  class space    used 18993K, committed 19584K, reserved 1048576K
}
Event: 2781.905 GC heap after
{Heap after GC invocations=69 (full 0):
 garbage-first heap   total 416768K, used 171859K [0x0000000080000000, 0x0000000100000000)
  region size 1024K, 24 young (24576K), 24 survivors (24576K)
 Metaspace       used 140064K, committed 141248K, reserved 1179648K
  class space    used 18993K, committed 19584K, reserved 1048576K
}
Event: 2781.908 GC heap before
{Heap before GC invocations=69 (full 0):
 garbage-first heap   total 416768K, used 172883K [0x0000000080000000, 0x0000000100000000)
  region size 1024K, 25 young (25600K), 24 survivors (24576K)
 Metaspace       used 140064K, committed 141248K, reserved 1179648K
  class space    used 18993K, committed 19584K, reserved 1048576K
}
Event: 2781.937 GC heap after
{Heap after GC invocations=70 (full 0):
 garbage-first heap   total 416768K, used 150811K [0x0000000080000000, 0x0000000100000000)
  region size 1024K, 2 young (2048K), 2 survivors (2048K)
 Metaspace       used 140064K, committed 141248K, reserved 1179648K
  class space    used 18993K, committed 19584K, reserved 1048576K
}
Event: 2782.563 GC heap before
{Heap before GC invocations=70 (full 0):
 garbage-first heap   total 416768K, used 227611K [0x0000000080000000, 0x0000000100000000)
  region size 1024K, 79 young (80896K), 2 survivors (2048K)
 Metaspace       used 140590K, committed 141952K, reserved 1179648K
  class space    used 19026K, committed 19648K, reserved 1048576K
}
Event: 2782.568 GC heap after
{Heap after GC invocations=71 (full 0):
 garbage-first heap   total 416768K, used 153509K [0x0000000080000000, 0x0000000100000000)
  region size 1024K, 4 young (4096K), 4 survivors (4096K)
 Metaspace       used 140590K, committed 141952K, reserved 1179648K
  class space    used 19026K, committed 19648K, reserved 1048576K
}
Event: 2880.076 GC heap before
{Heap before GC invocations=72 (full 0):
 garbage-first heap   total 416768K, used 364453K [0x0000000080000000, 0x0000000100000000)
  region size 1024K, 175 young (179200K), 4 survivors (4096K)
 Metaspace       used 139916K, committed 141248K, reserved 1179648K
  class space    used 18968K, committed 19584K, reserved 1048576K
}
Event: 2880.092 GC heap after
{Heap after GC invocations=73 (full 0):
 garbage-first heap   total 416768K, used 180201K [0x0000000080000000, 0x0000000100000000)
  region size 1024K, 22 young (22528K), 22 survivors (22528K)
 Metaspace       used 139916K, committed 141248K, reserved 1179648K
  class space    used 18968K, committed 19584K, reserved 1048576K
}
Event: 2880.100 GC heap before
{Heap before GC invocations=73 (full 0):
 garbage-first heap   total 416768K, used 180201K [0x0000000080000000, 0x0000000100000000)
  region size 1024K, 23 young (23552K), 22 survivors (22528K)
 Metaspace       used 140008K, committed 141312K, reserved 1179648K
  class space    used 18972K, committed 19584K, reserved 1048576K
}
Event: 2880.118 GC heap after
{Heap after GC invocations=74 (full 0):
 garbage-first heap   total 416768K, used 156782K [0x0000000080000000, 0x0000000100000000)
  region size 1024K, 1 young (1024K), 1 survivors (1024K)
 Metaspace       used 140008K, committed 141312K, reserved 1179648K
  class space    used 18972K, committed 19584K, reserved 1048576K
}
Event: 2918.212 GC heap before
{Heap before GC invocations=74 (full 0):
 garbage-first heap   total 416768K, used 317550K [0x0000000080000000, 0x0000000100000000)
  region size 1024K, 158 young (161792K), 1 survivors (1024K)
 Metaspace       used 141214K, committed 142592K, reserved 1179648K
  class space    used 19072K, committed 19712K, reserved 1048576K
}
Event: 2918.220 GC heap after
{Heap after GC invocations=75 (full 0):
 garbage-first heap   total 416768K, used 165101K [0x0000000080000000, 0x0000000100000000)
  region size 1024K, 10 young (10240K), 10 survivors (10240K)
 Metaspace       used 141214K, committed 142592K, reserved 1179648K
  class space    used 19072K, committed 19712K, reserved 1048576K
}
Event: 2919.680 GC heap before
{Heap before GC invocations=76 (full 0):
 garbage-first heap   total 416768K, used 321773K [0x0000000080000000, 0x0000000100000000)
  region size 1024K, 165 young (168960K), 10 survivors (10240K)
 Metaspace       used 141263K, committed 142592K, reserved 1179648K
  class space    used 19061K, committed 19712K, reserved 1048576K
}
Event: 2919.691 GC heap after
{Heap after GC invocations=77 (full 0):
 garbage-first heap   total 416768K, used 170966K [0x0000000080000000, 0x0000000100000000)
  region size 1024K, 16 young (16384K), 16 survivors (16384K)
 Metaspace       used 141263K, committed 142592K, reserved 1179648K
  class space    used 19061K, committed 19712K, reserved 1048576K
}
Event: 2919.711 GC heap before
{Heap before GC invocations=77 (full 0):
 garbage-first heap   total 416768K, used 175062K [0x0000000080000000, 0x0000000100000000)
  region size 1024K, 20 young (20480K), 16 survivors (16384K)
 Metaspace       used 141264K, committed 142592K, reserved 1179648K
  class space    used 19061K, committed 19712K, reserved 1048576K
}
Event: 2919.732 GC heap after
{Heap after GC invocations=78 (full 0):
 garbage-first heap   total 416768K, used 137081K [0x0000000080000000, 0x0000000100000000)
  region size 1024K, 2 young (2048K), 2 survivors (2048K)
 Metaspace       used 141264K, committed 142592K, reserved 1179648K
  class space    used 19061K, committed 19712K, reserved 1048576K
}
Event: 2919.839 GC heap before
{Heap before GC invocations=78 (full 0):
 garbage-first heap   total 416768K, used 155513K [0x0000000080000000, 0x0000000100000000)
  region size 1024K, 20 young (20480K), 2 survivors (2048K)
 Metaspace       used 141352K, committed 142656K, reserved 1179648K
  class space    used 19061K, committed 19712K, reserved 1048576K
}

