# JRE version: OpenJDK Runtime Environment (17.0.10) (build 17.0.10+0--11609105)
# Java VM: OpenJDK 64-Bit Server VM (17.0.10+0--11609105, mixed mode, tiered, compressed oops, compressed class ptrs, g1 gc, windows-amd64)
GC Precious Log:
 CPUs: 12 total, 12 available
 Memory: 16163M
 Large Page Support: Disabled
 NUMA Support: Disabled
 Compressed Oops: Enabled (32-bit)
 Heap Region Size: 1M
 Heap Min Capacity: 8M
 Heap Initial Capacity: 254M
 Heap Max Capacity: 2G
 Pre-touch: Disabled
 Parallel Workers: 10
 Concurrent Workers: 3
 Concurrent Refinement Workers: 10
 Periodic GC: Disabled
Heap:
 garbage-first heap   total 471040K, used 137601K [0x0000000080000000, 0x0000000100000000)
  region size 1024K, 7 young (7168K), 7 survivors (7168K)
 Metaspace       used 134184K, committed 135552K, reserved 1179648K
  class space    used 17590K, committed 18240K, reserved 1048576K
GC Heap History (20 events):
Event: 608.877 GC heap after
{Heap after GC invocations=71 (full 0):
 garbage-first heap   total 471040K, used 134190K [0x0000000080000000, 0x0000000100000000)
  region size 1024K, 3 young (3072K), 3 survivors (3072K)
 Metaspace       used 125036K, committed 126336K, reserved 1179648K
  class space    used 16371K, committed 17024K, reserved 1048576K
}
Event: 2482.725 GC heap before
{Heap before GC invocations=71 (full 0):
 garbage-first heap   total 471040K, used 348206K [0x0000000080000000, 0x0000000100000000)
  region size 1024K, 213 young (218112K), 3 survivors (3072K)
 Metaspace       used 127525K, committed 128960K, reserved 1179648K
  class space    used 16642K, committed 17344K, reserved 1048576K
}
Event: 2482.734 GC heap after
{Heap after GC invocations=72 (full 0):
 garbage-first heap   total 471040K, used 143406K [0x0000000080000000, 0x0000000100000000)
  region size 1024K, 12 young (12288K), 12 survivors (12288K)
 Metaspace       used 127525K, committed 128960K, reserved 1179648K
  class space    used 16642K, committed 17344K, reserved 1048576K
}
Event: 2531.007 GC heap before
{Heap before GC invocations=73 (full 0):
 garbage-first heap   total 471040K, used 357376K [0x0000000080000000, 0x0000000100000000)
  region size 1024K, 221 young (226304K), 12 survivors (12288K)
 Metaspace       used 128760K, committed 130048K, reserved 1179648K
  class space    used 16759K, committed 17344K, reserved 1048576K
}
Event: 2531.018 GC heap after
{Heap after GC invocations=74 (full 0):
 garbage-first heap   total 471040K, used 145196K [0x0000000080000000, 0x0000000100000000)
  region size 1024K, 13 young (13312K), 13 survivors (13312K)
 Metaspace       used 128760K, committed 130048K, reserved 1179648K
  class space    used 16759K, committed 17344K, reserved 1048576K
}
Event: 2531.109 GC heap before
{Heap before GC invocations=74 (full 0):
 garbage-first heap   total 471040K, used 156460K [0x0000000080000000, 0x0000000100000000)
  region size 1024K, 23 young (23552K), 13 survivors (13312K)
 Metaspace       used 128867K, committed 130112K, reserved 1179648K
  class space    used 16769K, committed 17344K, reserved 1048576K
}
Event: 2531.123 GC heap after
{Heap after GC invocations=75 (full 0):
 garbage-first heap   total 471040K, used 125390K [0x0000000080000000, 0x0000000100000000)
  region size 1024K, 3 young (3072K), 3 survivors (3072K)
 Metaspace       used 128867K, committed 130112K, reserved 1179648K
  class space    used 16769K, committed 17344K, reserved 1048576K
}
Event: 2558.793 GC heap before
{Heap before GC invocations=75 (full 0):
 garbage-first heap   total 471040K, used 339406K [0x0000000080000000, 0x0000000100000000)
  region size 1024K, 214 young (219136K), 3 survivors (3072K)
 Metaspace       used 131351K, committed 132672K, reserved 1179648K
  class space    used 17044K, committed 17664K, reserved 1048576K
}
Event: 2558.807 GC heap after
{Heap after GC invocations=76 (full 0):
 garbage-first heap   total 471040K, used 144681K [0x0000000080000000, 0x0000000100000000)
  region size 1024K, 22 young (22528K), 22 survivors (22528K)
 Metaspace       used 131351K, committed 132672K, reserved 1179648K
  class space    used 17044K, committed 17664K, reserved 1048576K
}
Event: 2595.554 GC heap before
{Heap before GC invocations=77 (full 0):
 garbage-first heap   total 471040K, used 358697K [0x0000000080000000, 0x0000000100000000)
  region size 1024K, 234 young (239616K), 22 survivors (22528K)
 Metaspace       used 129665K, committed 131072K, reserved 1179648K
  class space    used 16803K, committed 17536K, reserved 1048576K
}
Event: 2595.566 GC heap after
{Heap after GC invocations=78 (full 0):
 garbage-first heap   total 471040K, used 147147K [0x0000000080000000, 0x0000000100000000)
  region size 1024K, 14 young (14336K), 14 survivors (14336K)
 Metaspace       used 129665K, committed 131072K, reserved 1179648K
  class space    used 16803K, committed 17536K, reserved 1048576K
}
Event: 2595.594 GC heap before
{Heap before GC invocations=78 (full 0):
 garbage-first heap   total 471040K, used 155339K [0x0000000080000000, 0x0000000100000000)
  region size 1024K, 23 young (23552K), 14 survivors (14336K)
 Metaspace       used 129665K, committed 131072K, reserved 1179648K
  class space    used 16803K, committed 17536K, reserved 1048576K
}
Event: 2595.600 GC heap after
{Heap after GC invocations=79 (full 0):
 garbage-first heap   total 471040K, used 135199K [0x0000000080000000, 0x0000000100000000)
  region size 1024K, 3 young (3072K), 3 survivors (3072K)
 Metaspace       used 129665K, committed 131072K, reserved 1179648K
  class space    used 16803K, committed 17536K, reserved 1048576K
}
Event: 2596.660 GC heap before
{Heap before GC invocations=79 (full 0):
 garbage-first heap   total 471040K, used 337951K [0x0000000080000000, 0x0000000100000000)
  region size 1024K, 203 young (207872K), 3 survivors (3072K)
 Metaspace       used 132374K, committed 133696K, reserved 1179648K
  class space    used 17112K, committed 17728K, reserved 1048576K
}
Event: 2596.671 GC heap after
{Heap after GC invocations=80 (full 0):
 garbage-first heap   total 471040K, used 149768K [0x0000000080000000, 0x0000000100000000)
  region size 1024K, 17 young (17408K), 17 survivors (17408K)
 Metaspace       used 132374K, committed 133696K, reserved 1179648K
  class space    used 17112K, committed 17728K, reserved 1048576K
}
Event: 2597.344 GC heap before
{Heap before GC invocations=81 (full 0):
 garbage-first heap   total 471040K, used 368904K [0x0000000080000000, 0x0000000100000000)
  region size 1024K, 229 young (234496K), 17 survivors (17408K)
 Metaspace       used 131287K, committed 132672K, reserved 1179648K
  class space    used 17095K, committed 17728K, reserved 1048576K
}
Event: 2597.356 GC heap after
{Heap after GC invocations=82 (full 0):
 garbage-first heap   total 471040K, used 155610K [0x0000000080000000, 0x0000000100000000)
  region size 1024K, 12 young (12288K), 12 survivors (12288K)
 Metaspace       used 131287K, committed 132672K, reserved 1179648K
  class space    used 17095K, committed 17728K, reserved 1048576K
}
Event: 2597.403 GC heap before
{Heap before GC invocations=82 (full 0):
 garbage-first heap   total 471040K, used 166874K [0x0000000080000000, 0x0000000100000000)
  region size 1024K, 23 young (23552K), 12 survivors (12288K)
 Metaspace       used 131868K, committed 133248K, reserved 1179648K
  class space    used 17168K, committed 17792K, reserved 1048576K
}
Event: 2597.412 GC heap after
{Heap after GC invocations=83 (full 0):
 garbage-first heap   total 471040K, used 133370K [0x0000000080000000, 0x0000000100000000)
  region size 1024K, 3 young (3072K), 3 survivors (3072K)
 Metaspace       used 131868K, committed 133248K, reserved 1179648K
  class space    used 17168K, committed 17792K, reserved 1048576K
}
Event: 2597.581 GC heap before
{Heap before GC invocations=83 (full 0):
 garbage-first heap   total 471040K, used 200954K [0x0000000080000000, 0x0000000100000000)
  region size 1024K, 71 young (72704K), 3 survivors (3072K)
 Metaspace       used 134184K, committed 135552K, reserved 1179648K
  class space    used 17590K, committed 18240K, reserved 1048576K
}

