# JRE version: OpenJDK Runtime Environment (17.0.10) (build 17.0.10+0--11609105)
# Java VM: OpenJDK 64-Bit Server VM (17.0.10+0--11609105, mixed mode, tiered, compressed oops, compressed class ptrs, g1 gc, windows-amd64)
GC Precious Log:
 CPUs: 12 total, 12 available
 Memory: 16163M
 Large Page Support: Disabled
 NUMA Support: Disabled
 Compressed Oops: Enabled (32-bit)
 Heap Region Size: 1M
 Heap Min Capacity: 8M
 Heap Initial Capacity: 254M
 Heap Max Capacity: 2G
 Pre-touch: Disabled
 Parallel Workers: 10
 Concurrent Workers: 3
 Concurrent Refinement Workers: 10
 Periodic GC: Disabled
Heap:
 garbage-first heap   total 480256K, used 122882K [0x0000000080000000, 0x0000000100000000)
  region size 1024K, 10 young (10240K), 10 survivors (10240K)
 Metaspace       used 152273K, committed 154368K, reserved 1245184K
  class space    used 20373K, committed 21504K, reserved 1048576K
GC Heap History (20 events):
Event: 7728.553 GC heap after
{Heap after GC invocations=170 (full 0):
 garbage-first heap   total 454656K, used 138365K [0x0000000080000000, 0x0000000100000000)
  region size 1024K, 4 young (4096K), 4 survivors (4096K)
 Metaspace       used 152063K, committed 154304K, reserved 1245184K
  class space    used 20373K, committed 21504K, reserved 1048576K
}
Event: 7728.563 GC heap before
{Heap before GC invocations=170 (full 0):
 garbage-first heap   total 454656K, used 141437K [0x0000000080000000, 0x0000000100000000)
  region size 1024K, 9 young (9216K), 4 survivors (4096K)
 Metaspace       used 152063K, committed 154304K, reserved 1245184K
  class space    used 20373K, committed 21504K, reserved 1048576K
}
Event: 7728.566 GC heap after
{Heap after GC invocations=171 (full 0):
 garbage-first heap   total 454656K, used 139034K [0x0000000080000000, 0x0000000100000000)
  region size 1024K, 5 young (5120K), 5 survivors (5120K)
 Metaspace       used 152063K, committed 154304K, reserved 1245184K
  class space    used 20373K, committed 21504K, reserved 1048576K
}
Event: 7852.633 GC heap before
{Heap before GC invocations=172 (full 0):
 garbage-first heap   total 454656K, used 291610K [0x0000000080000000, 0x0000000100000000)
  region size 1024K, 119 young (121856K), 5 survivors (5120K)
 Metaspace       used 152114K, committed 154304K, reserved 1245184K
  class space    used 20373K, committed 21504K, reserved 1048576K
}
Event: 7852.638 GC heap after
{Heap after GC invocations=173 (full 0):
 garbage-first heap   total 454656K, used 142990K [0x0000000080000000, 0x0000000100000000)
  region size 1024K, 9 young (9216K), 9 survivors (9216K)
 Metaspace       used 152114K, committed 154304K, reserved 1245184K
  class space    used 20373K, committed 21504K, reserved 1048576K
}
Event: 7852.694 GC heap before
{Heap before GC invocations=173 (full 0):
 garbage-first heap   total 454656K, used 155278K [0x0000000080000000, 0x0000000100000000)
  region size 1024K, 22 young (22528K), 9 survivors (9216K)
 Metaspace       used 152121K, committed 154304K, reserved 1245184K
  class space    used 20373K, committed 21504K, reserved 1048576K
}
Event: 7852.705 GC heap after
{Heap after GC invocations=174 (full 0):
 garbage-first heap   total 454656K, used 137025K [0x0000000080000000, 0x0000000100000000)
  region size 1024K, 3 young (3072K), 3 survivors (3072K)
 Metaspace       used 152121K, committed 154304K, reserved 1245184K
  class space    used 20373K, committed 21504K, reserved 1048576K
}
Event: 7852.767 GC heap before
{Heap before GC invocations=174 (full 0):
 garbage-first heap   total 454656K, used 149313K [0x0000000080000000, 0x0000000100000000)
  region size 1024K, 17 young (17408K), 3 survivors (3072K)
 Metaspace       used 152123K, committed 154304K, reserved 1245184K
  class space    used 20373K, committed 21504K, reserved 1048576K
}
Event: 7852.770 GC heap after
{Heap after GC invocations=175 (full 0):
 garbage-first heap   total 454656K, used 138259K [0x0000000080000000, 0x0000000100000000)
  region size 1024K, 5 young (5120K), 5 survivors (5120K)
 Metaspace       used 152123K, committed 154304K, reserved 1245184K
  class space    used 20373K, committed 21504K, reserved 1048576K
}
Event: 8012.627 GC heap before
{Heap before GC invocations=176 (full 0):
 garbage-first heap   total 454656K, used 315411K [0x0000000080000000, 0x0000000100000000)
  region size 1024K, 150 young (153600K), 5 survivors (5120K)
 Metaspace       used 152154K, committed 154304K, reserved 1245184K
  class space    used 20373K, committed 21504K, reserved 1048576K
}
Event: 8012.631 GC heap after
{Heap after GC invocations=177 (full 0):
 garbage-first heap   total 454656K, used 132592K [0x0000000080000000, 0x0000000100000000)
  region size 1024K, 8 young (8192K), 8 survivors (8192K)
 Metaspace       used 152154K, committed 154304K, reserved 1245184K
  class space    used 20373K, committed 21504K, reserved 1048576K
}
Event: 8012.678 GC heap before
{Heap before GC invocations=177 (full 0):
 garbage-first heap   total 454656K, used 146928K [0x0000000080000000, 0x0000000100000000)
  region size 1024K, 22 young (22528K), 8 survivors (8192K)
 Metaspace       used 152180K, committed 154304K, reserved 1245184K
  class space    used 20373K, committed 21504K, reserved 1048576K
}
Event: 8012.686 GC heap after
{Heap after GC invocations=178 (full 0):
 garbage-first heap   total 454656K, used 112517K [0x0000000080000000, 0x0000000100000000)
  region size 1024K, 3 young (3072K), 3 survivors (3072K)
 Metaspace       used 152180K, committed 154304K, reserved 1245184K
  class space    used 20373K, committed 21504K, reserved 1048576K
}
Event: 8012.782 GC heap before
{Heap before GC invocations=178 (full 0):
 garbage-first heap   total 454656K, used 134021K [0x0000000080000000, 0x0000000100000000)
  region size 1024K, 26 young (26624K), 3 survivors (3072K)
 Metaspace       used 152212K, committed 154304K, reserved 1245184K
  class space    used 20373K, committed 21504K, reserved 1048576K
}
Event: 8012.786 GC heap after
{Heap after GC invocations=179 (full 0):
 garbage-first heap   total 454656K, used 115437K [0x0000000080000000, 0x0000000100000000)
  region size 1024K, 6 young (6144K), 6 survivors (6144K)
 Metaspace       used 152212K, committed 154304K, reserved 1245184K
  class space    used 20373K, committed 21504K, reserved 1048576K
}
Event: 8113.957 GC heap before
{Heap before GC invocations=180 (full 0):
 garbage-first heap   total 454656K, used 323309K [0x0000000080000000, 0x0000000100000000)
  region size 1024K, 172 young (176128K), 6 survivors (6144K)
 Metaspace       used 152237K, committed 154368K, reserved 1245184K
  class space    used 20373K, committed 21504K, reserved 1048576K
}
Event: 8113.963 GC heap after
{Heap after GC invocations=181 (full 0):
 garbage-first heap   total 454656K, used 121728K [0x0000000080000000, 0x0000000100000000)
  region size 1024K, 12 young (12288K), 12 survivors (12288K)
 Metaspace       used 152237K, committed 154368K, reserved 1245184K
  class space    used 20373K, committed 21504K, reserved 1048576K
}
Event: 8113.996 GC heap before
{Heap before GC invocations=181 (full 0):
 garbage-first heap   total 454656K, used 130944K [0x0000000080000000, 0x0000000100000000)
  region size 1024K, 22 young (22528K), 12 survivors (12288K)
 Metaspace       used 152241K, committed 154368K, reserved 1245184K
  class space    used 20373K, committed 21504K, reserved 1048576K
}
Event: 8114.004 GC heap after
{Heap after GC invocations=182 (full 0):
 garbage-first heap   total 454656K, used 115636K [0x0000000080000000, 0x0000000100000000)
  region size 1024K, 3 young (3072K), 3 survivors (3072K)
 Metaspace       used 152241K, committed 154368K, reserved 1245184K
  class space    used 20373K, committed 21504K, reserved 1048576K
}
Event: 8142.404 GC heap before
{Heap before GC invocations=182 (full 0):
 garbage-first heap   total 454656K, used 198580K [0x0000000080000000, 0x0000000100000000)
  region size 1024K, 86 young (88064K), 3 survivors (3072K)
 Metaspace       used 152273K, committed 154368K, reserved 1245184K
  class space    used 20373K, committed 21504K, reserved 1048576K
}

